<?xml version="1.0" encoding="UTF-8"?>
<!-- Generated by org.testng.reporters.JUnitReportReporter -->
<testsuite skipped="0" hostname="DESKTOP-5R6GJQ5" name="com.w2a.testcases.BankManagerLoginTest" tests="1" failures="0" timestamp="2020-05-30T15:05:52 CEST" time="13.025" errors="0">
  <testcase name="loginBankManager" time="13.025" classname="com.w2a.testcases.BankManagerLoginTest"/>
  <system-out/>
</testsuite> <!-- com.w2a.testcases.BankManagerLoginTest -->
